<?xml version="1.0" encoding="UTF-8"?>
<testsuite name="Information det individual user" tests="1" skipped="0" failures="1" errors="0" timestamp="2022-02-16T15:26:22" hostname="CHBOGML-11933" time="8.019">
  <properties/>
  <testcase name="Send information get individual user with response success" classname="Information det individual user" time="8.019">
    <failure message="java.lang.AssertionError: 1 expectation failed.&#10;JSON path name doesn't match.&#10;Expected: jose&#10;  Actual: Alvaro&#10;" type="java.lang.AssertionError">java.lang.AssertionError: 1 expectation failed.
JSON path name doesn't match.
Expected: jose
  Actual: Alvaro

	at net.serenitybdd.screenplay.ErrorTally.throwSummaryExceptionFrom(ErrorTally.java:36)
	at net.serenitybdd.screenplay.ErrorTally.reportAnyErrors(ErrorTally.java:30)
	at net.serenitybdd.screenplay.Actor.should(Actor.java:321)
	at co.com.practice.stepdefinitions.PostStepDefinition.iValidateGetResponseContainDataExpected(PostStepDefinition.java:69)
	at âœ½.I validate get response contain data expected(file:///C:/Users/acabezasr/Desktop/EjercicioAutomatizacionRestPOST/src/test/resources/feature/Post.feature:12)
</failure>
  </testcase>
  <system-out><![CDATA[Step argument class io.cucumber.core.gherkin.messages.GherkinMessagesDataTableArgument
Request method:	POST
Request URI:	https://reqres.in/api/users
Proxy:			<none>
Request params:	<none>
Query params:	<none>
Form params:	<none>
Path params:	<none>
Headers:		Accept=*/*
				Content-Type=application/json; charset=UTF-8
Cookies:		<none>
Multiparts:		<none>
Body:
{
    "name": "Alvaro",
    "job": "Java"
}
]]></system-out>
  <system-err><![CDATA[[Test worker] INFO io.cucumber.core.plugin.SerenityReporter - Running feature from file:///C:/Users/acabezasr/Desktop/EjercicioAutomatizacionRestPOST/src/test/resources/feature/Post.feature
[Test worker] WARN io.cucumber.core.plugin.SerenityReporter - Feature from file:///C:/Users/acabezasr/Desktop/EjercicioAutomatizacionRestPOST/src/test/resources/feature/Post.feature is not under the 'features' directory. Requirements report will not be correctly generated!
[Test worker] INFO  - 
 _____ _____ ____ _____   ____ _____  _    ____ _____ _____ ____  
|_   _| ____/ ___|_   _| / ___|_   _|/ \  |  _ \_   _| ____|  _ \ 
  | | |  _| \___ \ | |   \___ \ | | / _ \ | |_) || | |  _| | | | |
  | | | |___ ___) || |    ___) || |/ ___ \|  _ < | | | |___| |_| |
  |_| |_____|____/ |_|   |____/ |_/_/   \_\_| \_\|_| |_____|____/ 

Send information get individual user with response success(information-det-individual-user;send-information-get-individual-user-with-response-success)
-------------------------------------------------------------------
ERROR StatusLogger Log4j2 could not find a logging implementation. Please add log4j-core to the classpath. Using SimpleLogger to log to the console...
[Test worker] ERROR  - 
           __  _____ _____ ____ _____   _____ _    ___ _     _____ ____  
  _       / / |_   _| ____/ ___|_   _| |  ___/ \  |_ _| |   | ____|  _ \ 
 (_)_____| |    | | |  _| \___ \ | |   | |_ / _ \  | || |   |  _| | | | |
  _|_____| |    | | | |___ ___) || |   |  _/ ___ \ | || |___| |___| |_| |
 (_)     | |    |_| |_____|____/ |_|   |_|/_/   \_\___|_____|_____|____/ 
          \_\                                                            

Send information get individual user with response success
--------------------------------------------------------------------------
[Test worker] ERROR  -     Test failed at step: Validation fields and values post service response exists
[Test worker] ERROR  -     1 expectation failed.JSON path name doesn't match.Expected: jose  Actual: Alvaro
]]></system-err>
</testsuite>
