<?xml version="1.0" encoding="UTF-8"?><testsuite errors="1" failures="0" name="Informatio det individual user" skipped="0" tests="1" time="0.2" timestamp="2022-02-11 02:50:42"><testcase name="Send information get individual user with response success"><error message="No stage available - it looks like you haven't called the setTheStage() method before calling this one." type="net.serenitybdd.screenplay.actors.NoStageException">No stage available - it looks like you haven't called the setTheStage() method before calling this one.</error><system-err>No stage available - it looks like you haven't called the setTheStage() method before calling this one.&#13;
co.com.practice.stepdefinitions.PostStepDefinition.iLoadCustomerInformation(PostStepDefinition.java:19)&#13;
✽.I load customer information(file:///C:/Users/acabezasr/Desktop/EjercicioAutomatizacionRestPOST/src/test/resources/feature/Post.feature:4)&#13;
</system-err></testcase></testsuite>